Sun Mar 19 03:35:34 EDT 2023
Slurm nodes: evc2
You were assigned 1 gpu(s)
Please run `conda env list` to see a list of all available environments. Use
`source activate <env>` to activate the environment '<env>'. 

Currently Loaded Modules:
  1) anaconda/anaconda3

 

	[4mGPU0	mlx5_0	CPU Affinity	NUMA Affinity[0m
GPU0	 X 	SYS	0,2	0
mlx5_0	SYS	 X 		

Legend:

  X    = Self
  SYS  = Connection traversing PCIe as well as the SMP interconnect between NUMA nodes (e.g., QPI/UPI)
  NODE = Connection traversing PCIe as well as the interconnect between PCIe Host Bridges within a NUMA node
  PHB  = Connection traversing PCIe as well as a PCIe Host Bridge (typically the CPU)
  PXB  = Connection traversing multiple PCIe bridges (without traversing the PCIe Host Bridge)
  PIX  = Connection traversing at most a single PCIe bridge
  NV#  = Connection traversing a bonded set of # NVLinks


1.13.1+cu116
11.6
Namespace(add_bn_next=True, add_bn_prev=False, arch='resnet18', checkpoint='checkpoint', class_order=[68, 56, 78, 8, 23, 84, 90, 65, 74, 76, 40, 89, 3, 92, 55, 9, 26, 80, 43, 38, 58, 70, 77, 1, 85, 19, 17, 50, 28, 53, 13, 81, 45, 82, 6, 59, 83, 16, 15, 44, 91, 41, 72, 60, 79, 52, 20, 10, 31, 54, 37, 95, 14, 71, 96, 98, 97, 2, 64, 66, 42, 22, 35, 86, 24, 34, 87, 21, 99, 0, 88, 27, 18, 94, 11, 12, 47, 25, 30, 46, 62, 69, 36, 61, 7, 63, 75, 5, 32, 4, 51, 48, 73, 93, 39, 67, 29, 49, 57, 33], compression=0.95, data_path='../../data/CIFAR', dataset='cifar100', display_gap=50, epochs=250, ft_epochs=250, ft_lr=0.1, ft_schedule=[100, 150, 200], ft_weight_decay=0.0005, gamma=0.1, growth_rate=0.2, increments=[10, 10, 10, 10, 10, 10, 10, 10, 10, 10], jobid='227659', logs='logs', lr=0.1, manual_seed=7137, momentum=0.9, overflow=False, pretrained_cps='./checkpoint/226429_resnet18/model0_best.pth,./checkpoint/227651_resnet18/model_0_ft_best.pth', random_classes=False, resume=True, schedule=[100, 150, 200], starting_tid='1', test_batch=100, train_batch=64, validation=0, weight_decay=0.0005, workers=4)
Files already downloaded and verified
Files already downloaded and verified
Class order: [68, 56, 78, 8, 23, 84, 90, 65, 74, 76, 40, 89, 3, 92, 55, 9, 26, 80, 43, 38, 58, 70, 77, 1, 85, 19, 17, 50, 28, 53, 13, 81, 45, 82, 6, 59, 83, 16, 15, 44, 91, 41, 72, 60, 79, 52, 20, 10, 31, 54, 37, 95, 14, 71, 96, 98, 97, 2, 64, 66, 42, 22, 35, 86, 24, 34, 87, 21, 99, 0, 88, 27, 18, 94, 11, 12, 47, 25, 30, 46, 62, 69, 36, 61, 7, 63, 75, 5, 32, 4, 51, 48, 73, 93, 39, 67, 29, 49, 57, 33]
0
[10, 10, 10, 10, 10, 10, 10, 10, 10, 10]
1
[10, 10, 10, 10, 10, 10, 10, 10, 10, 10]
2
[10, 10, 10, 10, 10, 10, 10, 10, 10, 10]
3
[10, 10, 10, 10, 10, 10, 10, 10, 10, 10]
4
[10, 10, 10, 10, 10, 10, 10, 10, 10, 10]
5
[10, 10, 10, 10, 10, 10, 10, 10, 10, 10]
6
[10, 10, 10, 10, 10, 10, 10, 10, 10, 10]
7
[10, 10, 10, 10, 10, 10, 10, 10, 10, 10]
8
[10, 10, 10, 10, 10, 10, 10, 10, 10, 10]
9
[10, 10, 10, 10, 10, 10, 10, 10, 10, 10]
Resuming task: 0
[8, 18, 24, 15, 21, 35, 57, 19, 39, 53, 88, 130, 47, 114, 139, 232, 265, 102, 249, 116]
Resuming task: 0_ft
Running inference on model to measure class incremental accuracy ...
Total tasks: 1, CIL Acc: 91.30, Task-id Cls. Acc.:  100.00


__________________________________________________________________________________________

Training task:  1

Task ID: [1] - Epoch: [1 | 250] LR: 0.100000

Keys:  ['time', 'acc1', 'acc5', 'ce_loss']
Training:  [0.04298405707636966, 14.833860759493671, 57.89161392405063, 3.966352529163602]
Testing:  [0.0960313081741333, 21.3, 65.4, 2.175451421737671]
Best Acc:  21.3

Task ID: [1] - Epoch: [51 | 250] LR: 0.100000

Keys:  ['time', 'acc1', 'acc5', 'ce_loss']
Training:  [0.033153352858145024, 77.70965189873418, 99.26819620253164, 0.6062427068812938]
Testing:  [0.07591500282287597, 67.4, 96.9, 1.0306554198265077]
Best Acc:  74.1
New lr for parameter group: 0  ->  0.010000000000000002

Task ID: [1] - Epoch: [101 | 250] LR: 0.010000

Keys:  ['time', 'acc1', 'acc5', 'ce_loss']
Training:  [0.03572344176376922, 89.10205696202532, 99.88132911392405, 0.2956124824247783]
Testing:  [0.0907895565032959, 83.2, 99.5, 0.4816010147333145]
Best Acc:  83.2
New lr for parameter group: 0  ->  0.0010000000000000002

Task ID: [1] - Epoch: [151 | 250] LR: 0.001000

Keys:  ['time', 'acc1', 'acc5', 'ce_loss']
Training:  [0.03504233420649661, 97.94303797468355, 100.0, 0.06606738030014536]
Testing:  [0.09183480739593505, 83.1, 98.9, 0.6946976542472839]
Best Acc:  84.4
New lr for parameter group: 0  ->  0.00010000000000000003

Task ID: [1] - Epoch: [201 | 250] LR: 0.000100

Keys:  ['time', 'acc1', 'acc5', 'ce_loss']
Training:  [0.0344209459763539, 99.1495253164557, 100.0, 0.027899359588664543]
Testing:  [0.07915117740631103, 83.3, 99.1, 0.7289967805147171]
Best Acc:  84.4

Keys:  ['time', 'acc1', 'acc5', 'ce_loss']
Testing performance of task 0:  [0.07337193489074707, 91.3, 99.8, 0.3472816936671734]
Testing performance of task 1:  [0.08331706523895263, 84.4, 98.8, 0.6102734118700027]
Average Task Incremental Accuracy:  87.85
Running inference on model to measure class incremental accuracy ...
Total tasks: 2, CIL Acc: 75.15, Task-id Cls. Acc.:  82.25
Class Incrimental Accuracy :  [91.30000305175781, 75.1500015258789]
Avg. Class Incrimental Accuracy :  83.22500228881836
Task Prediction Accuracy :  [100.0, 82.25000762939453]


__________________________________________________________________________________________

Training task:  2

Task ID: [2] - Epoch: [1 | 250] LR: 0.100000

Keys:  ['time', 'acc1', 'acc5', 'ce_loss']
Training:  [0.040595975103257576, 16.594145569620252, 63.40981012658228, 3.6478291885762273]
Testing:  [0.08758492469787597, 22.1, 75.2, 2.166381859779358]
Best Acc:  22.1

Task ID: [2] - Epoch: [51 | 250] LR: 0.100000

Keys:  ['time', 'acc1', 'acc5', 'ce_loss']
Training:  [0.037092682681506194, 85.2254746835443, 99.10996835443038, 0.44732213680502736]
Testing:  [0.09128394126892089, 77.1, 97.7, 0.7558867871761322]
Best Acc:  80.7
New lr for parameter group: 0  ->  0.010000000000000002

Task ID: [2] - Epoch: [101 | 250] LR: 0.010000

Keys:  ['time', 'acc1', 'acc5', 'ce_loss']
Training:  [0.039783468729333034, 92.97863924050633, 99.86155063291139, 0.22775475397894654]
Testing:  [0.08053689002990723, 86.7, 99.2, 0.4433071792125702]
Best Acc:  86.7
New lr for parameter group: 0  ->  0.0010000000000000002

Task ID: [2] - Epoch: [151 | 250] LR: 0.001000

Keys:  ['time', 'acc1', 'acc5', 'ce_loss']
Training:  [0.041465695900253105, 99.3868670886076, 100.0, 0.025450318550714588]
Testing:  [0.08332114219665528, 87.4, 99.0, 0.5731298714876175]
Best Acc:  88.7
New lr for parameter group: 0  ->  0.00010000000000000003

Task ID: [2] - Epoch: [201 | 250] LR: 0.000100

Keys:  ['time', 'acc1', 'acc5', 'ce_loss']
Training:  [0.038728557055509545, 99.56487341772151, 100.0, 0.014986305939670227]
Testing:  [0.07249341011047364, 87.6, 99.2, 0.5683462709188462]
Best Acc:  88.7

Keys:  ['time', 'acc1', 'acc5', 'ce_loss']
Testing performance of task 0:  [0.081874680519104, 91.3, 99.8, 0.3472816936671734]
Testing performance of task 1:  [0.08737447261810302, 84.4, 98.8, 0.6102734118700027]
Testing performance of task 2:  [0.10494425296783447, 88.7, 99.2, 0.49298205971717834]
Average Task Incremental Accuracy:  88.13333333333333
Running inference on model to measure class incremental accuracy ...
Total tasks: 3, CIL Acc: 66.40, Task-id Cls. Acc.:  70.47
Class Incrimental Accuracy :  [91.30000305175781, 75.1500015258789, 66.39999389648438]
Avg. Class Incrimental Accuracy :  77.61666615804036
Task Prediction Accuracy :  [100.0, 82.25000762939453, 70.46666717529297]


__________________________________________________________________________________________

Training task:  3

Task ID: [3] - Epoch: [1 | 250] LR: 0.100000

Keys:  ['time', 'acc1', 'acc5', 'ce_loss']
Training:  [0.04181976258000241, 19.837816455696203, 63.25158227848101, 3.882095759428]
Testing:  [0.09670536518096924, 28.7, 76.5, 1.916412878036499]
Best Acc:  28.7

Task ID: [3] - Epoch: [51 | 250] LR: 0.100000

Keys:  ['time', 'acc1', 'acc5', 'ce_loss']
Training:  [0.04576536069942426, 83.01028481012658, 99.42642405063292, 0.4798790884168842]
Testing:  [0.07720563411712647, 81.6, 98.9, 0.572598272562027]
Best Acc:  81.6
New lr for parameter group: 0  ->  0.010000000000000002

Task ID: [3] - Epoch: [101 | 250] LR: 0.010000

Keys:  ['time', 'acc1', 'acc5', 'ce_loss']
Training:  [0.04053975056998337, 91.83148734177215, 99.88132911392405, 0.24038156536938268]
Testing:  [0.09039862155914306, 86.7, 99.6, 0.40290231108665464]
Best Acc:  86.7
New lr for parameter group: 0  ->  0.0010000000000000002

Task ID: [3] - Epoch: [151 | 250] LR: 0.001000

Keys:  ['time', 'acc1', 'acc5', 'ce_loss']
Training:  [0.04604841787603837, 98.97151898734177, 99.84177215189874, 0.04831310244324275]
Testing:  [0.09756593704223633, 86.3, 99.7, 0.5480847060680389]
Best Acc:  87.2
New lr for parameter group: 0  ->  0.00010000000000000003

Task ID: [3] - Epoch: [201 | 250] LR: 0.000100

Keys:  ['time', 'acc1', 'acc5', 'ce_loss']
Training:  [0.04562589488451994, 99.6242088607595, 100.0, 0.01682656312868282]
Testing:  [0.08291473388671874, 86.4, 99.8, 0.5735400974750519]
Best Acc:  87.2

Keys:  ['time', 'acc1', 'acc5', 'ce_loss']
Testing performance of task 0:  [0.08442301750183105, 91.3, 99.8, 0.3472816936671734]
Testing performance of task 1:  [0.08051700592041015, 84.4, 98.8, 0.6102734118700027]
Testing performance of task 2:  [0.09019925594329833, 88.7, 99.2, 0.49298205971717834]
Testing performance of task 3:  [0.0809248924255371, 87.2, 99.7, 0.4303781449794769]
Average Task Incremental Accuracy:  87.89999999999999
Running inference on model to measure class incremental accuracy ...
Total tasks: 4, CIL Acc: 61.33, Task-id Cls. Acc.:  64.83
Class Incrimental Accuracy :  [91.30000305175781, 75.1500015258789, 66.39999389648438, 61.32500076293945]
Avg. Class Incrimental Accuracy :  73.54374980926514
Task Prediction Accuracy :  [100.0, 82.25000762939453, 70.46666717529297, 64.82500457763672]


__________________________________________________________________________________________

Training task:  4

Task ID: [4] - Epoch: [1 | 250] LR: 0.100000

Keys:  ['time', 'acc1', 'acc5', 'ce_loss']
Training:  [0.045547373687164695, 16.910601265822784, 63.548259493670884, 3.9800968351243418]
Testing:  [0.07995090484619141, 20.8, 74.6, 3.2072354555130005]
Best Acc:  20.8

Task ID: [4] - Epoch: [51 | 250] LR: 0.100000

Keys:  ['time', 'acc1', 'acc5', 'ce_loss']
Training:  [0.0498908380918865, 83.46518987341773, 98.95174050632912, 0.49907329301290876]
Testing:  [0.07827544212341309, 68.6, 98.0, 1.1452623367309571]
Best Acc:  79.5
New lr for parameter group: 0  ->  0.010000000000000002

Task ID: [4] - Epoch: [101 | 250] LR: 0.010000

Keys:  ['time', 'acc1', 'acc5', 'ce_loss']
Training:  [0.04765907420387751, 94.89715189873418, 99.88132911392405, 0.16306183541405805]
Testing:  [0.08221964836120606, 87.7, 99.6, 0.40495398342609407]
Best Acc:  87.7
New lr for parameter group: 0  ->  0.0010000000000000002

Task ID: [4] - Epoch: [151 | 250] LR: 0.001000

Keys:  ['time', 'acc1', 'acc5', 'ce_loss']
Training:  [0.045607817323901984, 99.7626582278481, 100.0, 0.013112370162035186]
Testing:  [0.10847008228302002, 89.3, 99.2, 0.4641186609864235]
Best Acc:  89.6
New lr for parameter group: 0  ->  0.00010000000000000003

Task ID: [4] - Epoch: [201 | 250] LR: 0.000100

Keys:  ['time', 'acc1', 'acc5', 'ce_loss']
Training:  [0.04561241367195226, 99.96044303797468, 100.0, 0.00852197686304586]
Testing:  [0.10025084018707275, 89.6, 99.1, 0.47052092254161837]
Best Acc:  89.6

Keys:  ['time', 'acc1', 'acc5', 'ce_loss']
Testing performance of task 0:  [0.08182833194732667, 91.3, 99.8, 0.3472816936671734]
Testing performance of task 1:  [0.07939589023590088, 84.4, 98.8, 0.6102734118700027]
Testing performance of task 2:  [0.09018757343292236, 88.7, 99.2, 0.49298205971717834]
Testing performance of task 3:  [0.09403460025787354, 87.2, 99.7, 0.4303781449794769]
Testing performance of task 4:  [0.08002643585205078, 89.7, 99.3, 0.45826248079538345]
Average Task Incremental Accuracy:  88.25999999999999
Running inference on model to measure class incremental accuracy ...
Total tasks: 5, CIL Acc: 60.02, Task-id Cls. Acc.:  62.94
Class Incrimental Accuracy :  [91.30000305175781, 75.1500015258789, 66.39999389648438, 61.32500076293945, 60.02000045776367]
Avg. Class Incrimental Accuracy :  70.83899993896485
Task Prediction Accuracy :  [100.0, 82.25000762939453, 70.46666717529297, 64.82500457763672, 62.93999481201172]


__________________________________________________________________________________________

Training task:  5

Task ID: [5] - Epoch: [1 | 250] LR: 0.100000

Keys:  ['time', 'acc1', 'acc5', 'ce_loss']
Training:  [0.05131871489029896, 15.644778481012658, 60.99683544303797, 3.905039076563678]
Testing:  [0.08563106060028076, 17.3, 67.7, 3.8381594896316527]
Best Acc:  17.3

Task ID: [5] - Epoch: [51 | 250] LR: 0.100000

Keys:  ['time', 'acc1', 'acc5', 'ce_loss']
Training:  [0.05278324779075912, 83.70253164556962, 99.40664556962025, 0.456359537530549]
Testing:  [0.08010473251342773, 75.5, 98.8, 0.7304064273834229]
Best Acc:  75.5
New lr for parameter group: 0  ->  0.010000000000000002

Task ID: [5] - Epoch: [101 | 250] LR: 0.010000

Keys:  ['time', 'acc1', 'acc5', 'ce_loss']
Training:  [0.05066618738295157, 92.46439873417721, 99.9011075949367, 0.2285664530494545]
Testing:  [0.08599228858947754, 83.5, 99.3, 0.48270044028759]
Best Acc:  83.5
New lr for parameter group: 0  ->  0.0010000000000000002

Task ID: [5] - Epoch: [151 | 250] LR: 0.001000

Keys:  ['time', 'acc1', 'acc5', 'ce_loss']
Training:  [0.05261467378350753, 99.3868670886076, 100.0, 0.024885376685452234]
Testing:  [0.09079351425170898, 83.0, 99.3, 0.7306631982326508]
Best Acc:  84.2
New lr for parameter group: 0  ->  0.00010000000000000003

Task ID: [5] - Epoch: [201 | 250] LR: 0.000100

Keys:  ['time', 'acc1', 'acc5', 'ce_loss']
Training:  [0.05473085596591611, 99.80221518987342, 100.0, 0.012543382621193422]
Testing:  [0.09137887954711914, 82.9, 99.2, 0.741613832116127]
Best Acc:  84.2

Keys:  ['time', 'acc1', 'acc5', 'ce_loss']
Testing performance of task 0:  [0.07468259334564209, 91.3, 99.8, 0.3472816936671734]
Testing performance of task 1:  [0.08261489868164062, 84.4, 98.8, 0.6102734118700027]
Testing performance of task 2:  [0.08055903911590576, 88.7, 99.2, 0.49298205971717834]
Testing performance of task 3:  [0.08272991180419922, 87.2, 99.7, 0.4303781449794769]
Testing performance of task 4:  [0.08452200889587402, 89.7, 99.3, 0.45826248079538345]
Testing performance of task 5:  [0.10829102993011475, 84.2, 98.9, 0.7472784131765365]
Average Task Incremental Accuracy:  87.58333333333333
Running inference on model to measure class incremental accuracy ...
Total tasks: 6, CIL Acc: 56.55, Task-id Cls. Acc.:  59.28
Class Incrimental Accuracy :  [91.30000305175781, 75.1500015258789, 66.39999389648438, 61.32500076293945, 60.02000045776367, 56.55000305175781]
Avg. Class Incrimental Accuracy :  68.45750045776367
Task Prediction Accuracy :  [100.0, 82.25000762939453, 70.46666717529297, 64.82500457763672, 62.93999481201172, 59.28333282470703]


__________________________________________________________________________________________

Training task:  6

Task ID: [6] - Epoch: [1 | 250] LR: 0.100000

Keys:  ['time', 'acc1', 'acc5', 'ce_loss']
Training:  [0.0526216814789591, 23.378164556962027, 72.05300632911393, 3.441483402553993]
Testing:  [0.08401286602020264, 30.2, 83.2, 1.9554706931114196]
Best Acc:  30.2

Task ID: [6] - Epoch: [51 | 250] LR: 0.100000

Keys:  ['time', 'acc1', 'acc5', 'ce_loss']
Training:  [0.05329811422130729, 87.83623417721519, 99.68354430379746, 0.35833177196828625]
Testing:  [0.08902091979980468, 82.0, 98.5, 0.6048091918230056]
Best Acc:  83.4
New lr for parameter group: 0  ->  0.010000000000000002

Task ID: [6] - Epoch: [101 | 250] LR: 0.010000

Keys:  ['time', 'acc1', 'acc5', 'ce_loss']
Training:  [0.05505878110475178, 95.0751582278481, 99.82199367088607, 0.15864434140392497]
Testing:  [0.08897120952606201, 90.8, 99.8, 0.27198413759469986]
Best Acc:  90.8
New lr for parameter group: 0  ->  0.0010000000000000002

Task ID: [6] - Epoch: [151 | 250] LR: 0.001000

Keys:  ['time', 'acc1', 'acc5', 'ce_loss']
Training:  [0.056283362304108055, 99.34731012658227, 100.0, 0.020204858413803144]
Testing:  [0.09177098274230958, 92.2, 99.8, 0.3320683822035789]
Best Acc:  92.4
New lr for parameter group: 0  ->  0.00010000000000000003

Task ID: [6] - Epoch: [201 | 250] LR: 0.000100

Keys:  ['time', 'acc1', 'acc5', 'ce_loss']
Training:  [0.054818249955961976, 99.74287974683544, 100.0, 0.012937844321249595]
Testing:  [0.084124755859375, 91.7, 99.7, 0.3279194965958595]
Best Acc:  92.4

Keys:  ['time', 'acc1', 'acc5', 'ce_loss']
Testing performance of task 0:  [0.07636723518371583, 91.3, 99.8, 0.3472816936671734]
Testing performance of task 1:  [0.0793116807937622, 84.4, 98.8, 0.6102734118700027]
Testing performance of task 2:  [0.07828559875488281, 88.7, 99.2, 0.49298205971717834]
Testing performance of task 3:  [0.08160190582275391, 87.2, 99.7, 0.4303781449794769]
Testing performance of task 4:  [0.07182958126068115, 89.7, 99.3, 0.45826248079538345]
Testing performance of task 5:  [0.08259449005126954, 84.2, 98.9, 0.7472784131765365]
Testing performance of task 6:  [0.0887150764465332, 92.4, 99.8, 0.2672589272260666]
Average Task Incremental Accuracy:  88.27142857142857
Running inference on model to measure class incremental accuracy ...
Total tasks: 7, CIL Acc: 53.39, Task-id Cls. Acc.:  55.49
Class Incrimental Accuracy :  [91.30000305175781, 75.1500015258789, 66.39999389648438, 61.32500076293945, 60.02000045776367, 56.55000305175781, 53.38571548461914]
Avg. Class Incrimental Accuracy :  66.30438831874302
Task Prediction Accuracy :  [100.0, 82.25000762939453, 70.46666717529297, 64.82500457763672, 62.93999481201172, 59.28333282470703, 55.485713958740234]


__________________________________________________________________________________________

Training task:  7

Task ID: [7] - Epoch: [1 | 250] LR: 0.100000

Keys:  ['time', 'acc1', 'acc5', 'ce_loss']
Training:  [0.06431531604332259, 21.53876582278481, 69.20490506329114, 3.5598274484465393]
Testing:  [0.09985718727111817, 20.7, 79.3, 7.209603643417358]
Best Acc:  20.7

Task ID: [7] - Epoch: [51 | 250] LR: 0.100000

Keys:  ['time', 'acc1', 'acc5', 'ce_loss']
Training:  [0.06315066542806505, 82.85205696202532, 98.37816455696202, 0.5145183311233038]
Testing:  [0.08546783924102783, 78.4, 98.2, 0.7126512885093689]
Best Acc:  78.4
New lr for parameter group: 0  ->  0.010000000000000002

Task ID: [7] - Epoch: [101 | 250] LR: 0.010000

Keys:  ['time', 'acc1', 'acc5', 'ce_loss']
Training:  [0.05902456633652313, 94.6004746835443, 99.9011075949367, 0.17019182627525511]
Testing:  [0.08070001602172852, 88.4, 99.0, 0.4221524834632874]
Best Acc:  88.4
New lr for parameter group: 0  ->  0.0010000000000000002

Task ID: [7] - Epoch: [151 | 250] LR: 0.001000

Keys:  ['time', 'acc1', 'acc5', 'ce_loss']
Training:  [0.05862424343447142, 99.54509493670886, 100.0, 0.018983319127649258]
Testing:  [0.0940021276473999, 89.4, 99.3, 0.5088789194822312]
Best Acc:  90.0
New lr for parameter group: 0  ->  0.00010000000000000003

Task ID: [7] - Epoch: [201 | 250] LR: 0.000100

Keys:  ['time', 'acc1', 'acc5', 'ce_loss']
Training:  [0.060452458224719084, 99.82199367088607, 100.0, 0.00990337591111377]
Testing:  [0.09563648700714111, 89.5, 99.6, 0.4830948442220688]
Best Acc:  90.6

Keys:  ['time', 'acc1', 'acc5', 'ce_loss']
Testing performance of task 0:  [0.08270153999328614, 91.3, 99.8, 0.3472816936671734]
Testing performance of task 1:  [0.08363032341003418, 84.4, 98.8, 0.6102734118700027]
Testing performance of task 2:  [0.08573527336120605, 88.7, 99.2, 0.49298205971717834]
Testing performance of task 3:  [0.07899286746978759, 87.2, 99.7, 0.4303781449794769]
Testing performance of task 4:  [0.0879608154296875, 89.7, 99.3, 0.45826248079538345]
Testing performance of task 5:  [0.07792534828186035, 84.2, 98.9, 0.7472784131765365]
Testing performance of task 6:  [0.09038751125335694, 92.4, 99.8, 0.2672589272260666]
Testing performance of task 7:  [0.08150439262390137, 90.7, 99.3, 0.47653048038482665]
Average Task Incremental Accuracy:  88.575
Running inference on model to measure class incremental accuracy ...
Total tasks: 8, CIL Acc: 51.09, Task-id Cls. Acc.:  52.75
Class Incrimental Accuracy :  [91.30000305175781, 75.1500015258789, 66.39999389648438, 61.32500076293945, 60.02000045776367, 56.55000305175781, 53.38571548461914, 51.08750534057617]
Avg. Class Incrimental Accuracy :  64.40227794647217
Task Prediction Accuracy :  [100.0, 82.25000762939453, 70.46666717529297, 64.82500457763672, 62.93999481201172, 59.28333282470703, 55.485713958740234, 52.750003814697266]


__________________________________________________________________________________________

Training task:  8

Task ID: [8] - Epoch: [1 | 250] LR: 0.100000

Keys:  ['time', 'acc1', 'acc5', 'ce_loss']
Training:  [0.06660397445099263, 20.98496835443038, 70.39161392405063, 3.6993150348904766]
Testing:  [0.08443036079406738, 28.8, 82.1, 2.751482141017914]
Best Acc:  28.8

Task ID: [8] - Epoch: [51 | 250] LR: 0.100000

Keys:  ['time', 'acc1', 'acc5', 'ce_loss']
Training:  [0.06544516961785811, 89.20094936708861, 99.68354430379746, 0.32602765514880794]
Testing:  [0.0872077226638794, 81.8, 99.2, 0.573057445883751]
Best Acc:  83.5
New lr for parameter group: 0  ->  0.010000000000000002

Task ID: [8] - Epoch: [101 | 250] LR: 0.010000

Keys:  ['time', 'acc1', 'acc5', 'ce_loss']
Training:  [0.06585158577448205, 95.70806962025317, 99.94066455696202, 0.13026093915576423]
Testing:  [0.09417316913604737, 90.8, 99.1, 0.31325615793466566]
Best Acc:  90.8
New lr for parameter group: 0  ->  0.0010000000000000002

Task ID: [8] - Epoch: [151 | 250] LR: 0.001000

Keys:  ['time', 'acc1', 'acc5', 'ce_loss']
Training:  [0.06591048119943353, 99.80221518987342, 100.0, 0.01102188414057033]
Testing:  [0.07773685455322266, 91.5, 99.5, 0.3431058540940285]
Best Acc:  92.5
New lr for parameter group: 0  ->  0.00010000000000000003

Task ID: [8] - Epoch: [201 | 250] LR: 0.000100

Keys:  ['time', 'acc1', 'acc5', 'ce_loss']
Training:  [0.06772051581853553, 99.9011075949367, 100.0, 0.006317899840931066]
Testing:  [0.08978157043457032, 91.8, 99.6, 0.32807303220033646]
Best Acc:  92.5

Keys:  ['time', 'acc1', 'acc5', 'ce_loss']
Testing performance of task 0:  [0.07722578048706055, 91.3, 99.8, 0.3472816936671734]
Testing performance of task 1:  [0.08784847259521485, 84.4, 98.8, 0.6102734118700027]
Testing performance of task 2:  [0.08775615692138672, 88.7, 99.2, 0.49298205971717834]
Testing performance of task 3:  [0.0767549753189087, 87.2, 99.7, 0.4303781449794769]
Testing performance of task 4:  [0.08707590103149414, 89.7, 99.3, 0.45826248079538345]
Testing performance of task 5:  [0.0890242338180542, 84.2, 98.9, 0.7472784131765365]
Testing performance of task 6:  [0.08165371417999268, 92.4, 99.8, 0.2672589272260666]
Testing performance of task 7:  [0.08755817413330078, 90.7, 99.3, 0.47653048038482665]
Testing performance of task 8:  [0.08571984767913818, 92.5, 99.4, 0.281306292116642]
Average Task Incremental Accuracy:  89.01111111111112
Running inference on model to measure class incremental accuracy ...
Total tasks: 9, CIL Acc: 48.39, Task-id Cls. Acc.:  49.72
Class Incrimental Accuracy :  [91.30000305175781, 75.1500015258789, 66.39999389648438, 61.32500076293945, 60.02000045776367, 56.55000305175781, 53.38571548461914, 51.08750534057617, 48.38888931274414]
Avg. Class Incrimental Accuracy :  62.62301254272461
Task Prediction Accuracy :  [100.0, 82.25000762939453, 70.46666717529297, 64.82500457763672, 62.93999481201172, 59.28333282470703, 55.485713958740234, 52.750003814697266, 49.72222137451172]


__________________________________________________________________________________________

Training task:  9

Task ID: [9] - Epoch: [1 | 250] LR: 0.100000

Keys:  ['time', 'acc1', 'acc5', 'ce_loss']
Training:  [0.0732617861107935, 17.820411392405063, 62.99446202531646, 3.544942692865299]
Testing:  [0.09121396541595458, 24.0, 74.5, 2.4270366430282593]
Best Acc:  24.0

Task ID: [9] - Epoch: [51 | 250] LR: 0.100000

Keys:  ['time', 'acc1', 'acc5', 'ce_loss']
Training:  [0.07167818878270403, 85.89794303797468, 99.32753164556962, 0.417332870862152]
Testing:  [0.08655445575714112, 79.2, 98.3, 0.6859647303819656]
Best Acc:  80.9
New lr for parameter group: 0  ->  0.010000000000000002

Task ID: [9] - Epoch: [101 | 250] LR: 0.010000

Keys:  ['time', 'acc1', 'acc5', 'ce_loss']
Training:  [0.07235029377514803, 94.54113924050633, 100.0, 0.15759965409583684]
Testing:  [0.09429614543914795, 86.3, 99.7, 0.42529856860637666]
Best Acc:  86.3
New lr for parameter group: 0  ->  0.0010000000000000002

Task ID: [9] - Epoch: [151 | 250] LR: 0.001000

Keys:  ['time', 'acc1', 'acc5', 'ce_loss']
Training:  [0.0725037568732153, 99.78243670886076, 100.0, 0.014316048240289092]
Testing:  [0.09383771419525147, 87.7, 99.5, 0.5325764894485474]
Best Acc:  89.1
New lr for parameter group: 0  ->  0.00010000000000000003

Task ID: [9] - Epoch: [201 | 250] LR: 0.000100

Keys:  ['time', 'acc1', 'acc5', 'ce_loss']
Training:  [0.07130245317386676, 99.94066455696202, 100.0, 0.007861485810879665]
Testing:  [0.09401748180389405, 87.5, 99.4, 0.5137485712766647]
Best Acc:  89.1

Keys:  ['time', 'acc1', 'acc5', 'ce_loss']
Testing performance of task 0:  [0.0741312026977539, 91.3, 99.8, 0.3472816936671734]
Testing performance of task 1:  [0.08193237781524658, 84.4, 98.8, 0.6102734118700027]
Testing performance of task 2:  [0.07756080627441406, 88.7, 99.2, 0.49298205971717834]
Testing performance of task 3:  [0.08698208332061767, 87.2, 99.7, 0.4303781449794769]
Testing performance of task 4:  [0.08716347217559814, 89.7, 99.3, 0.45826248079538345]
Testing performance of task 5:  [0.08446433544158935, 84.2, 98.9, 0.7472784131765365]
Testing performance of task 6:  [0.1121065855026245, 92.4, 99.8, 0.2672589272260666]
Testing performance of task 7:  [0.10140676498413086, 90.7, 99.3, 0.47653048038482665]
Testing performance of task 8:  [0.09218745231628418, 92.5, 99.4, 0.281306292116642]
Testing performance of task 9:  [0.08955078125, 89.1, 99.8, 0.5005915760993958]
Average Task Incremental Accuracy:  89.02000000000001
Running inference on model to measure class incremental accuracy ...
Total tasks: 10, CIL Acc: 46.72, Task-id Cls. Acc.:  47.94
Class Incrimental Accuracy :  [91.30000305175781, 75.1500015258789, 66.39999389648438, 61.32500076293945, 60.02000045776367, 56.55000305175781, 53.38571548461914, 51.08750534057617, 48.38888931274414, 46.71999740600586]
Avg. Class Incrimental Accuracy :  61.032711029052734
Task Prediction Accuracy :  [100.0, 82.25000762939453, 70.46666717529297, 64.82500457763672, 62.93999481201172, 59.28333282470703, 55.485713958740234, 52.750003814697266, 49.72222137451172, 47.939998626708984]


Namespace(add_bn_next=True, add_bn_prev=False, arch='resnet18', checkpoint='checkpoint/227659_resnet18', class_order=[68, 56, 78, 8, 23, 84, 90, 65, 74, 76, 40, 89, 3, 92, 55, 9, 26, 80, 43, 38, 58, 70, 77, 1, 85, 19, 17, 50, 28, 53, 13, 81, 45, 82, 6, 59, 83, 16, 15, 44, 91, 41, 72, 60, 79, 52, 20, 10, 31, 54, 37, 95, 14, 71, 96, 98, 97, 2, 64, 66, 42, 22, 35, 86, 24, 34, 87, 21, 99, 0, 88, 27, 18, 94, 11, 12, 47, 25, 30, 46, 62, 69, 36, 61, 7, 63, 75, 5, 32, 4, 51, 48, 73, 93, 39, 67, 29, 49, 57, 33], compression=0.95, data_path='../../data/CIFAR', dataset='cifar100', display_gap=50, epochs=250, ft_epochs=250, ft_lr=0.1, ft_schedule=[100, 150, 200], ft_weight_decay=0.0005, gamma=0.1, growth_rate=0.2, increments=[10, 10, 10, 10, 10, 10, 10, 10, 10, 10], jobid='227659', logs='logs', lr=0.1, manual_seed=7137, momentum=0.9, num_class=100, overflow=False, pretrained_cps='./checkpoint/226429_resnet18/model0_best.pth,./checkpoint/227651_resnet18/model_0_ft_best.pth', random_classes=False, resume=True, schedule=[100, 150, 200], starting_tid='1', test_batch=100, train_batch=64, validation=0, weight_decay=0.0005, workers=4)

real	272m41.428s
user	418m44.160s
sys	66m16.577s

Ending script...
Sun Mar 19 08:08:18 EDT 2023
