Sat Mar 18 22:54:20 EDT 2023
Slurm nodes: evc10
You were assigned 1 gpu(s)
Please run `conda env list` to see a list of all available environments. Use
`source activate <env>` to activate the environment '<env>'. 

Currently Loaded Modules:
  1) anaconda/anaconda3

 

	[4mGPU0	mlx5_0	CPU Affinity	NUMA Affinity[0m
GPU0	 X 	NODE	9,11	1
mlx5_0	NODE	 X 		

Legend:

  X    = Self
  SYS  = Connection traversing PCIe as well as the SMP interconnect between NUMA nodes (e.g., QPI/UPI)
  NODE = Connection traversing PCIe as well as the interconnect between PCIe Host Bridges within a NUMA node
  PHB  = Connection traversing PCIe as well as a PCIe Host Bridge (typically the CPU)
  PXB  = Connection traversing multiple PCIe bridges (without traversing the PCIe Host Bridge)
  PIX  = Connection traversing at most a single PCIe bridge
  NV#  = Connection traversing a bonded set of # NVLinks


1.13.1+cu116
11.6
Namespace(add_bn_next=True, add_bn_prev=False, arch='resnet18', checkpoint='checkpoint', compression=0.999, data_path='../../data/CIFAR', dataset='cifar100', display_gap=50, epochs=250, ft_epochs=250, ft_lr=0.1, ft_schedule=[100, 150, 200], ft_weight_decay=0.0005, gamma=0.1, growth_rate=0.5, increments=[10, 10, 10, 10, 10, 10, 10, 10, 10, 10], jobid='227622', logs='logs', lr=0.1, manual_seed=7137, momentum=0.9, overflow=False, random_classes=False, resume_from='./checkpoint/random_init_test_resnet18/model_rand_init.pth', schedule=[100, 150, 200], test_batch=100, train_batch=64, validation=0, weight_decay=0.0005, workers=4)
Files already downloaded and verified
Files already downloaded and verified
0
[10, 10, 10, 10, 10, 10, 10, 10, 10, 10]
1
[10, 10, 10, 10, 10, 10, 10, 10, 10, 10]
2
[10, 10, 10, 10, 10, 10, 10, 10, 10, 10]
3
[10, 10, 10, 10, 10, 10, 10, 10, 10, 10]
4
[10, 10, 10, 10, 10, 10, 10, 10, 10, 10]
5
[10, 10, 10, 10, 10, 10, 10, 10, 10, 10]
6
[10, 10, 10, 10, 10, 10, 10, 10, 10, 10]
7
[10, 10, 10, 10, 10, 10, 10, 10, 10, 10]
8
[10, 10, 10, 10, 10, 10, 10, 10, 10, 10]
9
[10, 10, 10, 10, 10, 10, 10, 10, 10, 10]


__________________________________________________________________________________________

Training task: 0

Task ID: [0] - Epoch: [1 | 250] LR: 0.100000

Keys:  ['time', 'acc1', 'acc5', 'ce_loss']
Training:  [0.10401546502415138, 15.684335443037975, 62.203322784810126, 3.289062557341177]
Testing:  [0.0708726167678833, 18.2, 69.6, 2.3985585451126097]
Best Acc:  18.2

Task ID: [0] - Epoch: [51 | 250] LR: 0.100000

Keys:  ['time', 'acc1', 'acc5', 'ce_loss']
Training:  [0.020737560489509678, 84.1376582278481, 99.3868670886076, 0.47896709415731553]
Testing:  [0.07990171909332275, 74.0, 97.6, 0.8937504231929779]
Best Acc:  78.0
New lr for parameter group: 0  ->  0.010000000000000002

Task ID: [0] - Epoch: [101 | 250] LR: 0.010000

Keys:  ['time', 'acc1', 'acc5', 'ce_loss']
Training:  [0.0238983872570569, 95.88607594936708, 99.96044303797468, 0.129215182406427]
Testing:  [0.08600025177001953, 85.9, 98.8, 0.5210742309689522]
Best Acc:  85.9
New lr for parameter group: 0  ->  0.0010000000000000002

Task ID: [0] - Epoch: [151 | 250] LR: 0.001000

Keys:  ['time', 'acc1', 'acc5', 'ce_loss']
Training:  [0.021645582174953028, 99.92088607594937, 100.0, 0.010090082559640272]
Testing:  [0.09035599231719971, 87.6, 99.1, 0.46205783188343047]
Best Acc:  88.2
New lr for parameter group: 0  ->  0.00010000000000000003

Task ID: [0] - Epoch: [201 | 250] LR: 0.000100

Keys:  ['time', 'acc1', 'acc5', 'ce_loss']
Training:  [0.0212041909181619, 99.96044303797468, 100.0, 0.006609420763635182]
Testing:  [0.09840526580810546, 87.9, 99.0, 0.4510737210512161]
Best Acc:  88.6

Keys:  ['time', 'acc1', 'acc5', 'ce_loss']
Testing performance of task 0:  [0.08837525844573975, 88.6, 99.0, 0.4478942573070526]
Average Task Incremental Accuracy:  88.6
[14, 38, 50, 47, 53, 88, 113, 43, 100, 105, 206, 240, 108, 235, 245, 480, 495, 233, 497, 463]


###########################################

Finetuning task 0

Task ID: [0] - Epoch: [1 | 250] LR: 0.100000

Keys:  ['time', 'acc1', 'acc5', 'ce_loss']
Training:  [0.03192560884016979, 65.56566455696202, 93.49287974683544, 1.0572065171207996]
Testing:  [0.09043972492218018, 53.7, 91.2, 1.3891193866729736]
Best Acc:  53.7

Task ID: [0] - Epoch: [51 | 250] LR: 0.100000

Keys:  ['time', 'acc1', 'acc5', 'ce_loss']
Training:  [0.029976316645175596, 86.68908227848101, 99.48575949367088, 0.39677197420144383]
Testing:  [0.09692778587341308, 73.5, 97.8, 1.041446363925934]
Best Acc:  82.6
New lr for parameter group: 0  ->  0.010000000000000002

Task ID: [0] - Epoch: [101 | 250] LR: 0.010000

Keys:  ['time', 'acc1', 'acc5', 'ce_loss']
Training:  [0.03023089336443551, 92.50395569620254, 99.7626582278481, 0.23814596113147615]
Testing:  [0.0942791223526001, 89.2, 99.4, 0.37178373485803606]
Best Acc:  89.2
New lr for parameter group: 0  ->  0.0010000000000000002

Task ID: [0] - Epoch: [151 | 250] LR: 0.001000

Keys:  ['time', 'acc1', 'acc5', 'ce_loss']
Training:  [0.031180282182331327, 99.40664556962025, 100.0, 0.024857300478092665]
Testing:  [0.09747152328491211, 88.7, 99.1, 0.44448052942752836]
Best Acc:  90.3
New lr for parameter group: 0  ->  0.00010000000000000003

Task ID: [0] - Epoch: [201 | 250] LR: 0.000100

Keys:  ['time', 'acc1', 'acc5', 'ce_loss']
Training:  [0.028867649126656448, 99.7626582278481, 100.0, 0.012104057640579965]
Testing:  [0.08138601779937744, 88.9, 98.8, 0.4335713475942612]
Best Acc:  90.3

Keys:  ['time', 'acc1', 'acc5', 'ce_loss']
Testing performance of task 0:  [0.0779564619064331, 90.3, 99.0, 0.36285818964242933]
Average Task Incremental Accuracy:  90.3
Running inference on model to measure class incremental accuracy ...
Total tasks: 1, CIL Acc: 90.30, Task-id Cls. Acc.:  100.00


__________________________________________________________________________________________

Training task:  1

Task ID: [1] - Epoch: [1 | 250] LR: 0.100000

Keys:  ['time', 'acc1', 'acc5', 'ce_loss']
Training:  [0.03418611876572235, 11.787974683544304, 53.24367088607595, 4.20639670951457]
Testing:  [0.09045672416687012, 11.0, 56.0, 2.297709107398987]
Best Acc:  11.0

Task ID: [1] - Epoch: [51 | 250] LR: 0.100000

Keys:  ['time', 'acc1', 'acc5', 'ce_loss']
Training:  [0.036226568342764165, 72.2507911392405, 98.31882911392405, 0.7629328969913193]
Testing:  [0.0968670129776001, 68.7, 97.7, 0.9087610244750977]
Best Acc:  69.5
New lr for parameter group: 0  ->  0.010000000000000002

Task ID: [1] - Epoch: [101 | 250] LR: 0.010000

Keys:  ['time', 'acc1', 'acc5', 'ce_loss']
Training:  [0.034546526172493076, 88.03401898734177, 99.70332278481013, 0.33415702456914925]
Testing:  [0.09422132968902588, 80.0, 98.8, 0.5598500370979309]
Best Acc:  80.0
New lr for parameter group: 0  ->  0.0010000000000000002

Task ID: [1] - Epoch: [151 | 250] LR: 0.001000

Keys:  ['time', 'acc1', 'acc5', 'ce_loss']
Training:  [0.03490626661083366, 97.31012658227849, 100.0, 0.07998706282505506]
Testing:  [0.08317415714263916, 79.1, 97.9, 0.8474200248718262]
Best Acc:  81.3
New lr for parameter group: 0  ->  0.00010000000000000003

Task ID: [1] - Epoch: [201 | 250] LR: 0.000100

Keys:  ['time', 'acc1', 'acc5', 'ce_loss']
Training:  [0.03361829021308996, 99.20886075949367, 100.0, 0.030182659154451345]
Testing:  [0.08636088371276855, 78.9, 98.0, 0.9011020302772522]
Best Acc:  81.3

Keys:  ['time', 'acc1', 'acc5', 'ce_loss']
Testing performance of task 0:  [0.0785919189453125, 90.3, 99.0, 0.36285818964242933]
Testing performance of task 1:  [0.0746922492980957, 81.3, 99.0, 0.5582712590694427]
Average Task Incremental Accuracy:  85.8
Running inference on model to measure class incremental accuracy ...
Total tasks: 2, CIL Acc: 72.30, Task-id Cls. Acc.:  80.10
Class Incrimental Accuracy :  [90.30000305175781, 72.30000305175781]
Avg. Class Incrimental Accuracy :  81.30000305175781
Task Prediction Accuracy :  [100.0, 80.10000610351562]


__________________________________________________________________________________________

Training task:  2

Task ID: [2] - Epoch: [1 | 250] LR: 0.100000

Keys:  ['time', 'acc1', 'acc5', 'ce_loss']
Training:  [0.040000671072851254, 11.926424050632912, 52.19541139240506, 4.1307355180571355]
Testing:  [0.0837087869644165, 13.5, 55.0, 2.2475353717803954]
Best Acc:  13.5

Task ID: [2] - Epoch: [51 | 250] LR: 0.100000

Keys:  ['time', 'acc1', 'acc5', 'ce_loss']
Training:  [0.041892963119699984, 78.46123417721519, 98.8132911392405, 0.6308547890261759]
Testing:  [0.0803368330001831, 73.2, 98.2, 0.7840112268924713]
Best Acc:  74.3
New lr for parameter group: 0  ->  0.010000000000000002

Task ID: [2] - Epoch: [101 | 250] LR: 0.010000

Keys:  ['time', 'acc1', 'acc5', 'ce_loss']
Training:  [0.040025249312195595, 90.20965189873418, 99.68354430379746, 0.29790194624964195]
Testing:  [0.07918789386749267, 82.3, 99.0, 0.5182257950305938]
Best Acc:  82.3
New lr for parameter group: 0  ->  0.0010000000000000002

Task ID: [2] - Epoch: [151 | 250] LR: 0.001000

Keys:  ['time', 'acc1', 'acc5', 'ce_loss']
Training:  [0.03904376452482199, 98.79351265822785, 100.0, 0.04411782090304584]
Testing:  [0.08369097709655762, 84.4, 98.6, 0.6842384576797486]
Best Acc:  85.0
New lr for parameter group: 0  ->  0.00010000000000000003

Task ID: [2] - Epoch: [201 | 250] LR: 0.000100

Keys:  ['time', 'acc1', 'acc5', 'ce_loss']
Training:  [0.038783354095265836, 99.50553797468355, 100.0, 0.024521922601292594]
Testing:  [0.07244737148284912, 84.4, 98.5, 0.670176562666893]
Best Acc:  85.2

Keys:  ['time', 'acc1', 'acc5', 'ce_loss']
Testing performance of task 0:  [0.08520016670227051, 90.3, 99.0, 0.36285818964242933]
Testing performance of task 1:  [0.08537678718566895, 81.3, 99.0, 0.5582712590694427]
Testing performance of task 2:  [0.08571357727050781, 85.2, 98.8, 0.6505341544747353]
Average Task Incremental Accuracy:  85.60000000000001
Running inference on model to measure class incremental accuracy ...
Total tasks: 3, CIL Acc: 61.20, Task-id Cls. Acc.:  66.53
Class Incrimental Accuracy :  [90.30000305175781, 72.30000305175781, 61.19999694824219]
Avg. Class Incrimental Accuracy :  74.60000101725261
Task Prediction Accuracy :  [100.0, 80.10000610351562, 66.53333282470703]


__________________________________________________________________________________________

Training task:  3

Task ID: [3] - Epoch: [1 | 250] LR: 0.100000

Keys:  ['time', 'acc1', 'acc5', 'ce_loss']
Training:  [0.04479219641866563, 19.501582278481013, 61.53085443037975, 3.5866879254956787]
Testing:  [0.08273160457611084, 26.9, 76.3, 1.970878779888153]
Best Acc:  26.9

Task ID: [3] - Epoch: [51 | 250] LR: 0.100000

Keys:  ['time', 'acc1', 'acc5', 'ce_loss']
Training:  [0.044036967844902714, 78.42167721518987, 99.1495253164557, 0.6095494552503659]
Testing:  [0.07910299301147461, 71.8, 98.0, 0.8405948638916015]
Best Acc:  77.3
New lr for parameter group: 0  ->  0.010000000000000002

Task ID: [3] - Epoch: [101 | 250] LR: 0.010000

Keys:  ['time', 'acc1', 'acc5', 'ce_loss']
Training:  [0.04390071615388122, 90.22943037974683, 99.84177215189874, 0.27837697567441794]
Testing:  [0.07876818180084229, 85.4, 99.2, 0.4640914022922516]
Best Acc:  85.4
New lr for parameter group: 0  ->  0.0010000000000000002

Task ID: [3] - Epoch: [151 | 250] LR: 0.001000

Keys:  ['time', 'acc1', 'acc5', 'ce_loss']
Training:  [0.041898422603365744, 98.63528481012658, 100.0, 0.0449091464080671]
Testing:  [0.08831806182861328, 86.0, 99.1, 0.6473525702953339]
Best Acc:  87.8
New lr for parameter group: 0  ->  0.00010000000000000003

Task ID: [3] - Epoch: [201 | 250] LR: 0.000100

Keys:  ['time', 'acc1', 'acc5', 'ce_loss']
Training:  [0.04300703278070764, 99.24841772151899, 100.0, 0.02849257025938434]
Testing:  [0.0780033826828003, 86.0, 99.0, 0.6587684631347657]
Best Acc:  87.8

Keys:  ['time', 'acc1', 'acc5', 'ce_loss']
Testing performance of task 0:  [0.06930661201477051, 90.3, 99.0, 0.36285818964242933]
Testing performance of task 1:  [0.07865798473358154, 81.3, 99.0, 0.5582712590694427]
Testing performance of task 2:  [0.07139959335327148, 85.2, 98.8, 0.6505341544747353]
Testing performance of task 3:  [0.08527529239654541, 87.8, 99.5, 0.45466263592243195]
Average Task Incremental Accuracy:  86.15
Running inference on model to measure class incremental accuracy ...
Total tasks: 4, CIL Acc: 58.45, Task-id Cls. Acc.:  62.60
Class Incrimental Accuracy :  [90.30000305175781, 72.30000305175781, 61.19999694824219, 58.45000076293945]
Avg. Class Incrimental Accuracy :  70.56250095367432
Task Prediction Accuracy :  [100.0, 80.10000610351562, 66.53333282470703, 62.600006103515625]


__________________________________________________________________________________________

Training task:  4

Task ID: [4] - Epoch: [1 | 250] LR: 0.100000

Keys:  ['time', 'acc1', 'acc5', 'ce_loss']
Training:  [0.050008393541167054, 13.548259493670885, 55.65664556962025, 4.101780465886563]
Testing:  [0.09381046295166015, 24.5, 74.5, 2.184140205383301]
Best Acc:  24.5

Task ID: [4] - Epoch: [51 | 250] LR: 0.100000

Keys:  ['time', 'acc1', 'acc5', 'ce_loss']
Training:  [0.04897261269484894, 84.96835443037975, 99.26819620253164, 0.44575982342792464]
Testing:  [0.07906410694122315, 74.9, 97.6, 0.8342295348644256]
Best Acc:  83.3
New lr for parameter group: 0  ->  0.010000000000000002

Task ID: [4] - Epoch: [101 | 250] LR: 0.010000

Keys:  ['time', 'acc1', 'acc5', 'ce_loss']
Training:  [0.05100642578511298, 94.00712025316456, 99.88132911392405, 0.17998143134615088]
Testing:  [0.07671408653259278, 89.5, 99.5, 0.34807108640670775]
Best Acc:  89.5
New lr for parameter group: 0  ->  0.0010000000000000002

Task ID: [4] - Epoch: [151 | 250] LR: 0.001000

Keys:  ['time', 'acc1', 'acc5', 'ce_loss']
Training:  [0.05157394952411893, 99.72310126582279, 100.0, 0.015095316893362168]
Testing:  [0.0804518699645996, 91.0, 99.5, 0.4005034133791924]
Best Acc:  91.4
New lr for parameter group: 0  ->  0.00010000000000000003

Task ID: [4] - Epoch: [201 | 250] LR: 0.000100

Keys:  ['time', 'acc1', 'acc5', 'ce_loss']
Training:  [0.05012627492977094, 99.80221518987342, 100.0, 0.009093159865705839]
Testing:  [0.08944368362426758, 91.3, 99.6, 0.3941260099411011]
Best Acc:  91.8

Keys:  ['time', 'acc1', 'acc5', 'ce_loss']
Testing performance of task 0:  [0.08877248764038086, 90.3, 99.0, 0.36285818964242933]
Testing performance of task 1:  [0.0765273094177246, 81.3, 99.0, 0.5582712590694427]
Testing performance of task 2:  [0.08740687370300293, 85.2, 98.8, 0.6505341544747353]
Testing performance of task 3:  [0.07188146114349366, 87.8, 99.5, 0.45466263592243195]
Testing performance of task 4:  [0.08933992385864258, 91.8, 99.5, 0.38931259214878083]
Average Task Incremental Accuracy:  87.28
Running inference on model to measure class incremental accuracy ...
Total tasks: 5, CIL Acc: 57.52, Task-id Cls. Acc.:  60.56
Class Incrimental Accuracy :  [90.30000305175781, 72.30000305175781, 61.19999694824219, 58.45000076293945, 57.519996643066406]
Avg. Class Incrimental Accuracy :  67.95400009155273
Task Prediction Accuracy :  [100.0, 80.10000610351562, 66.53333282470703, 62.600006103515625, 60.560001373291016]


__________________________________________________________________________________________

Training task:  5

Task ID: [5] - Epoch: [1 | 250] LR: 0.100000

Keys:  ['time', 'acc1', 'acc5', 'ce_loss']
Training:  [0.06257612795769414, 13.409810126582279, 55.300632911392405, 4.009948292865029]
Testing:  [0.09773244857788085, 14.8, 63.9, 2.2695291519165037]
Best Acc:  14.8

Task ID: [5] - Epoch: [51 | 250] LR: 0.100000

Keys:  ['time', 'acc1', 'acc5', 'ce_loss']
Training:  [0.062489917006673695, 77.35363924050633, 98.73417721518987, 0.627069059806534]
Testing:  [0.08201820850372314, 72.2, 97.8, 0.9031539142131806]
Best Acc:  72.2
New lr for parameter group: 0  ->  0.010000000000000002

Task ID: [5] - Epoch: [101 | 250] LR: 0.010000

Keys:  ['time', 'acc1', 'acc5', 'ce_loss']
Training:  [0.060604189015642, 90.82278481012658, 99.86155063291139, 0.2529634433456614]
Testing:  [0.08742759227752686, 81.8, 99.0, 0.560220792889595]
Best Acc:  81.8
New lr for parameter group: 0  ->  0.0010000000000000002

Task ID: [5] - Epoch: [151 | 250] LR: 0.001000

Keys:  ['time', 'acc1', 'acc5', 'ce_loss']
Training:  [0.061104077327100534, 99.0506329113924, 100.0, 0.033884505829714896]
Testing:  [0.08747758865356445, 82.4, 98.6, 0.7839789628982544]
Best Acc:  84.2
New lr for parameter group: 0  ->  0.00010000000000000003

Task ID: [5] - Epoch: [201 | 250] LR: 0.000100

Keys:  ['time', 'acc1', 'acc5', 'ce_loss']
Training:  [0.060612108134016206, 99.5253164556962, 100.0, 0.019279107169979076]
Testing:  [0.08220319747924805, 81.8, 98.5, 0.8594388842582703]
Best Acc:  84.2

Keys:  ['time', 'acc1', 'acc5', 'ce_loss']
Testing performance of task 0:  [0.0893967628479004, 90.3, 99.0, 0.36285818964242933]
Testing performance of task 1:  [0.0900413990020752, 81.3, 99.0, 0.5582712590694427]
Testing performance of task 2:  [0.0926649808883667, 85.2, 98.8, 0.6505341544747353]
Testing performance of task 3:  [0.08472814559936523, 87.8, 99.5, 0.45466263592243195]
Testing performance of task 4:  [0.08019547462463379, 91.8, 99.5, 0.38931259214878083]
Testing performance of task 5:  [0.08355154991149902, 84.2, 99.2, 0.5860024809837341]
Average Task Incremental Accuracy:  86.76666666666667
Running inference on model to measure class incremental accuracy ...
Total tasks: 6, CIL Acc: 55.07, Task-id Cls. Acc.:  57.73
Class Incrimental Accuracy :  [90.30000305175781, 72.30000305175781, 61.19999694824219, 58.45000076293945, 57.519996643066406, 55.06666946411133]
Avg. Class Incrimental Accuracy :  65.80611165364583
Task Prediction Accuracy :  [100.0, 80.10000610351562, 66.53333282470703, 62.600006103515625, 60.560001373291016, 57.733333587646484]


__________________________________________________________________________________________

Training task:  6

Task ID: [6] - Epoch: [1 | 250] LR: 0.100000

Keys:  ['time', 'acc1', 'acc5', 'ce_loss']
Training:  [0.07077800473080406, 21.65743670886076, 70.37183544303798, 3.8078821520262127]
Testing:  [0.09305908679962158, 31.9, 82.1, 2.0859312653541564]
Best Acc:  31.9

Task ID: [6] - Epoch: [51 | 250] LR: 0.100000

Keys:  ['time', 'acc1', 'acc5', 'ce_loss']
Training:  [0.06979981857010081, 85.66060126582279, 99.80221518987342, 0.4077740407819989]
Testing:  [0.09068644046783447, 70.7, 98.4, 0.9784992098808288]
Best Acc:  78.9
New lr for parameter group: 0  ->  0.010000000000000002

Task ID: [6] - Epoch: [101 | 250] LR: 0.010000

Keys:  ['time', 'acc1', 'acc5', 'ce_loss']
Training:  [0.07177584986143475, 94.79825949367088, 99.96044303797468, 0.15499216671797295]
Testing:  [0.08510856628417969, 89.3, 99.5, 0.32038879543542864]
Best Acc:  89.3
New lr for parameter group: 0  ->  0.0010000000000000002

Task ID: [6] - Epoch: [151 | 250] LR: 0.001000

Keys:  ['time', 'acc1', 'acc5', 'ce_loss']
Training:  [0.07174164132226872, 99.30775316455696, 100.0, 0.020150142242908006]
Testing:  [0.08446075916290283, 90.8, 99.4, 0.35840858072042464]
Best Acc:  91.4
New lr for parameter group: 0  ->  0.00010000000000000003

Task ID: [6] - Epoch: [201 | 250] LR: 0.000100

Keys:  ['time', 'acc1', 'acc5', 'ce_loss']
Training:  [0.07176357884950275, 99.7626582278481, 100.0, 0.01242745934788114]
Testing:  [0.08466539382934571, 90.6, 99.4, 0.3464400604367256]
Best Acc:  91.8

Keys:  ['time', 'acc1', 'acc5', 'ce_loss']
Testing performance of task 0:  [0.07777934074401856, 90.3, 99.0, 0.36285818964242933]
Testing performance of task 1:  [0.07707071304321289, 81.3, 99.0, 0.5582712590694427]
Testing performance of task 2:  [0.07256460189819336, 85.2, 98.8, 0.6505341544747353]
Testing performance of task 3:  [0.08316729068756104, 87.8, 99.5, 0.45466263592243195]
Testing performance of task 4:  [0.09196670055389404, 91.8, 99.5, 0.38931259214878083]
Testing performance of task 5:  [0.09324338436126708, 84.2, 99.2, 0.5860024809837341]
Testing performance of task 6:  [0.09015414714813233, 91.8, 99.4, 0.34285337626934054]
Average Task Incremental Accuracy:  87.48571428571428
Running inference on model to measure class incremental accuracy ...
Total tasks: 7, CIL Acc: 52.66, Task-id Cls. Acc.:  54.69
Class Incrimental Accuracy :  [90.30000305175781, 72.30000305175781, 61.19999694824219, 58.45000076293945, 57.519996643066406, 55.06666946411133, 52.65714645385742]
Avg. Class Incrimental Accuracy :  63.92768805367606
Task Prediction Accuracy :  [100.0, 80.10000610351562, 66.53333282470703, 62.600006103515625, 60.560001373291016, 57.733333587646484, 54.68571090698242]


__________________________________________________________________________________________

Training task:  7

Task ID: [7] - Epoch: [1 | 250] LR: 0.100000

Keys:  ['time', 'acc1', 'acc5', 'ce_loss']
Training:  [0.08443520944329756, 20.292721518987342, 69.28401898734177, 3.5333844317665584]
Testing:  [0.0858290433883667, 25.3, 80.9, 2.3472156286239625]
Best Acc:  25.3
slurmstepd: error: *** JOB 227622 ON evc10 CANCELLED AT 2023-03-19T03:08:29 ***
