Sun Mar 19 03:41:18 EDT 2023
Slurm nodes: evc14
You were assigned 1 gpu(s)
Please run `conda env list` to see a list of all available environments. Use
`source activate <env>` to activate the environment '<env>'. 

Currently Loaded Modules:
  1) anaconda/anaconda3

 

	[4mGPU0	mlx5_0	CPU Affinity	NUMA Affinity[0m
GPU0	 X 	SYS	0,2	0
mlx5_0	SYS	 X 		

Legend:

  X    = Self
  SYS  = Connection traversing PCIe as well as the SMP interconnect between NUMA nodes (e.g., QPI/UPI)
  NODE = Connection traversing PCIe as well as the interconnect between PCIe Host Bridges within a NUMA node
  PHB  = Connection traversing PCIe as well as a PCIe Host Bridge (typically the CPU)
  PXB  = Connection traversing multiple PCIe bridges (without traversing the PCIe Host Bridge)
  PIX  = Connection traversing at most a single PCIe bridge
  NV#  = Connection traversing a bonded set of # NVLinks


1.13.1+cu116
11.6
Namespace(add_bn_next=True, add_bn_prev=False, arch='resnet18', checkpoint='checkpoint', class_order=[68, 56, 78, 8, 23, 84, 90, 65, 74, 76, 40, 89, 3, 92, 55, 9, 26, 80, 43, 38, 58, 70, 77, 1, 85, 19, 17, 50, 28, 53, 13, 81, 45, 82, 6, 59, 83, 16, 15, 44, 91, 41, 72, 60, 79, 52, 20, 10, 31, 54, 37, 95, 14, 71, 96, 98, 97, 2, 64, 66, 42, 22, 35, 86, 24, 34, 87, 21, 99, 0, 88, 27, 18, 94, 11, 12, 47, 25, 30, 46, 62, 69, 36, 61, 7, 63, 75, 5, 32, 4, 51, 48, 73, 93, 39, 67, 29, 49, 57, 33], compression=0.8, data_path='../../data/CIFAR', dataset='cifar100', display_gap=50, epochs=250, ft_epochs=250, ft_lr=0.1, ft_schedule=[100, 150, 200], ft_weight_decay=0.0005, gamma=0.1, growth_rate=0.3, increments=[10, 10, 10, 10, 10, 10, 10, 10, 10, 10], jobid='227666', logs='logs', lr=0.1, manual_seed=7137, momentum=0.9, overflow=False, pretrained_cps='./checkpoint/226429_resnet18/model0_best.pth,./checkpoint/227654_resnet18/model_0_ft_best.pth', random_classes=False, resume=True, schedule=[100, 150, 200], starting_tid='1', test_batch=100, train_batch=64, validation=0, weight_decay=0.0005, workers=4)
Files already downloaded and verified
Files already downloaded and verified
Class order: [68, 56, 78, 8, 23, 84, 90, 65, 74, 76, 40, 89, 3, 92, 55, 9, 26, 80, 43, 38, 58, 70, 77, 1, 85, 19, 17, 50, 28, 53, 13, 81, 45, 82, 6, 59, 83, 16, 15, 44, 91, 41, 72, 60, 79, 52, 20, 10, 31, 54, 37, 95, 14, 71, 96, 98, 97, 2, 64, 66, 42, 22, 35, 86, 24, 34, 87, 21, 99, 0, 88, 27, 18, 94, 11, 12, 47, 25, 30, 46, 62, 69, 36, 61, 7, 63, 75, 5, 32, 4, 51, 48, 73, 93, 39, 67, 29, 49, 57, 33]
0
[10, 10, 10, 10, 10, 10, 10, 10, 10, 10]
1
[10, 10, 10, 10, 10, 10, 10, 10, 10, 10]
2
[10, 10, 10, 10, 10, 10, 10, 10, 10, 10]
3
[10, 10, 10, 10, 10, 10, 10, 10, 10, 10]
4
[10, 10, 10, 10, 10, 10, 10, 10, 10, 10]
5
[10, 10, 10, 10, 10, 10, 10, 10, 10, 10]
6
[10, 10, 10, 10, 10, 10, 10, 10, 10, 10]
7
[10, 10, 10, 10, 10, 10, 10, 10, 10, 10]
8
[10, 10, 10, 10, 10, 10, 10, 10, 10, 10]
9
[10, 10, 10, 10, 10, 10, 10, 10, 10, 10]
Resuming task: 0
[5, 8, 11, 7, 10, 16, 25, 9, 16, 23, 36, 58, 20, 51, 59, 91, 110, 41, 93, 26]
Resuming task: 0_ft
Running inference on model to measure class incremental accuracy ...
Total tasks: 1, CIL Acc: 91.00, Task-id Cls. Acc.:  100.00


__________________________________________________________________________________________

Training task:  1

Task ID: [1] - Epoch: [1 | 250] LR: 0.100000

Keys:  ['time', 'acc1', 'acc5', 'ce_loss']
Training:  [0.03919422475597526, 17.919303797468356, 65.54588607594937, 3.62573031081429]
Testing:  [0.07852816581726074, 26.2, 75.5, 2.997757887840271]
Best Acc:  26.2

Task ID: [1] - Epoch: [51 | 250] LR: 0.100000

Keys:  ['time', 'acc1', 'acc5', 'ce_loss']
Training:  [0.03381669370433952, 82.9113924050633, 99.48575949367088, 0.4734665679780743]
Testing:  [0.0759009838104248, 69.0, 97.2, 0.9772137522697448]
Best Acc:  79.1
New lr for parameter group: 0  ->  0.010000000000000002

Task ID: [1] - Epoch: [101 | 250] LR: 0.010000

Keys:  ['time', 'acc1', 'acc5', 'ce_loss']
Training:  [0.033562113967122914, 90.64477848101266, 99.94066455696202, 0.26222207953658283]
Testing:  [0.07519903182983398, 82.1, 99.2, 0.5095628052949905]
Best Acc:  82.1
New lr for parameter group: 0  ->  0.0010000000000000002

Task ID: [1] - Epoch: [151 | 250] LR: 0.001000

Keys:  ['time', 'acc1', 'acc5', 'ce_loss']
Training:  [0.03681875784185868, 98.31882911392405, 100.0, 0.05175160688548526]
Testing:  [0.07698731422424317, 83.0, 99.1, 0.7030549556016922]
Best Acc:  84.0
New lr for parameter group: 0  ->  0.00010000000000000003

Task ID: [1] - Epoch: [201 | 250] LR: 0.000100

Keys:  ['time', 'acc1', 'acc5', 'ce_loss']
Training:  [0.03522355043435398, 99.09018987341773, 100.0, 0.027696692260996074]
Testing:  [0.08886923789978027, 83.2, 99.2, 0.721471157670021]
Best Acc:  84.0

Keys:  ['time', 'acc1', 'acc5', 'ce_loss']
Testing performance of task 0:  [0.08447349071502686, 91.0, 99.2, 0.38741723299026487]
Testing performance of task 1:  [0.09232828617095948, 84.0, 99.4, 0.6130688667297364]
Average Task Incremental Accuracy:  87.5
Running inference on model to measure class incremental accuracy ...
Total tasks: 2, CIL Acc: 74.15, Task-id Cls. Acc.:  82.10
Class Incrimental Accuracy :  [91.0, 74.1500015258789]
Avg. Class Incrimental Accuracy :  82.57500076293945
Task Prediction Accuracy :  [100.0, 82.10000610351562]


__________________________________________________________________________________________

Training task:  2

Task ID: [2] - Epoch: [1 | 250] LR: 0.100000

Keys:  ['time', 'acc1', 'acc5', 'ce_loss']
Training:  [0.03904990003078799, 17.1875, 61.649525316455694, 4.309232346619232]
Testing:  [0.0865858554840088, 20.6, 72.2, 3.2744558334350584]
Best Acc:  20.6

Task ID: [2] - Epoch: [51 | 250] LR: 0.100000

Keys:  ['time', 'acc1', 'acc5', 'ce_loss']
Training:  [0.038894061800799795, 83.86075949367088, 99.20886075949367, 0.46848139619525475]
Testing:  [0.07927496433258056, 76.2, 98.5, 0.7737688183784485]
Best Acc:  82.0
New lr for parameter group: 0  ->  0.010000000000000002

Task ID: [2] - Epoch: [101 | 250] LR: 0.010000

Keys:  ['time', 'acc1', 'acc5', 'ce_loss']
Training:  [0.039530554904213436, 93.39398734177215, 99.74287974683544, 0.20195788357265387]
Testing:  [0.0945899486541748, 87.7, 99.5, 0.39553477615118027]
Best Acc:  87.7
New lr for parameter group: 0  ->  0.0010000000000000002

Task ID: [2] - Epoch: [151 | 250] LR: 0.001000

Keys:  ['time', 'acc1', 'acc5', 'ce_loss']
Training:  [0.038465511949756476, 99.64398734177215, 100.0, 0.01711235272468221]
Testing:  [0.08661689758300781, 87.9, 99.4, 0.4824683040380478]
Best Acc:  89.2
New lr for parameter group: 0  ->  0.00010000000000000003

Task ID: [2] - Epoch: [201 | 250] LR: 0.000100

Keys:  ['time', 'acc1', 'acc5', 'ce_loss']
Training:  [0.03708454928820646, 99.74287974683544, 100.0, 0.011215308862384645]
Testing:  [0.09408504962921142, 86.8, 99.4, 0.4968718275427818]
Best Acc:  89.2

Keys:  ['time', 'acc1', 'acc5', 'ce_loss']
Testing performance of task 0:  [0.08247635364532471, 91.0, 99.2, 0.38741723299026487]
Testing performance of task 1:  [0.08049418926239013, 84.0, 99.4, 0.6130688667297364]
Testing performance of task 2:  [0.07505612373352051, 89.2, 99.2, 0.4253469750285149]
Average Task Incremental Accuracy:  88.06666666666666
Running inference on model to measure class incremental accuracy ...
Total tasks: 3, CIL Acc: 65.23, Task-id Cls. Acc.:  69.73
Class Incrimental Accuracy :  [91.0, 74.1500015258789, 65.23332977294922]
Avg. Class Incrimental Accuracy :  76.79444376627605
Task Prediction Accuracy :  [100.0, 82.10000610351562, 69.73333740234375]


__________________________________________________________________________________________

Training task:  3

Task ID: [3] - Epoch: [1 | 250] LR: 0.100000

Keys:  ['time', 'acc1', 'acc5', 'ce_loss']
Training:  [0.04466110241564014, 19.224683544303797, 63.48892405063291, 3.736847554581075]
Testing:  [0.0858835220336914, 21.5, 71.6, 2.467758297920227]
Best Acc:  21.5

Task ID: [3] - Epoch: [51 | 250] LR: 0.100000

Keys:  ['time', 'acc1', 'acc5', 'ce_loss']
Training:  [0.0415588179721108, 76.72072784810126, 98.85284810126582, 0.668580761061439]
Testing:  [0.08230037689208984, 71.9, 98.4, 0.8405825972557068]
Best Acc:  77.1
New lr for parameter group: 0  ->  0.010000000000000002

Task ID: [3] - Epoch: [101 | 250] LR: 0.010000

Keys:  ['time', 'acc1', 'acc5', 'ce_loss']
Training:  [0.04137093205995197, 90.98101265822785, 99.84177215189874, 0.27429424669546415]
Testing:  [0.07746546268463135, 84.3, 99.3, 0.4760498583316803]
Best Acc:  84.3
New lr for parameter group: 0  ->  0.0010000000000000002

Task ID: [3] - Epoch: [151 | 250] LR: 0.001000

Keys:  ['time', 'acc1', 'acc5', 'ce_loss']
Training:  [0.04410106924515736, 98.97151898734177, 100.0, 0.040113512273359145]
Testing:  [0.08836846351623535, 85.0, 99.1, 0.6877042114734649]
Best Acc:  86.5
New lr for parameter group: 0  ->  0.00010000000000000003

Task ID: [3] - Epoch: [201 | 250] LR: 0.000100

Keys:  ['time', 'acc1', 'acc5', 'ce_loss']
Training:  [0.04291088973419576, 99.60443037974683, 100.0, 0.020155206782436822]
Testing:  [0.09149219989776611, 84.9, 99.0, 0.6887236833572388]
Best Acc:  86.5

Keys:  ['time', 'acc1', 'acc5', 'ce_loss']
Testing performance of task 0:  [0.07643332481384277, 91.0, 99.2, 0.38741723299026487]
Testing performance of task 1:  [0.0711237907409668, 84.0, 99.4, 0.6130688667297364]
Testing performance of task 2:  [0.08001163005828857, 89.2, 99.2, 0.4253469750285149]
Testing performance of task 3:  [0.07662348747253418, 86.5, 99.3, 0.5707858473062515]
Average Task Incremental Accuracy:  87.675
Running inference on model to measure class incremental accuracy ...
Total tasks: 4, CIL Acc: 59.85, Task-id Cls. Acc.:  63.70
Class Incrimental Accuracy :  [91.0, 74.1500015258789, 65.23332977294922, 59.85000228881836]
Avg. Class Incrimental Accuracy :  72.55833339691162
Task Prediction Accuracy :  [100.0, 82.10000610351562, 69.73333740234375, 63.70000076293945]


__________________________________________________________________________________________

Training task:  4

Task ID: [4] - Epoch: [1 | 250] LR: 0.100000

Keys:  ['time', 'acc1', 'acc5', 'ce_loss']
Training:  [0.046938639652879935, 15.901898734177216, 59.078322784810126, 4.082425484174414]
Testing:  [0.09259681701660157, 29.4, 68.8, 2.121989893913269]
Best Acc:  29.4

Task ID: [4] - Epoch: [51 | 250] LR: 0.100000

Keys:  ['time', 'acc1', 'acc5', 'ce_loss']
Training:  [0.04373272461227224, 88.52848101265823, 99.54509493670886, 0.3509280049725424]
Testing:  [0.0760582685470581, 84.5, 99.0, 0.5075761467218399]
Best Acc:  84.5
New lr for parameter group: 0  ->  0.010000000000000002

Task ID: [4] - Epoch: [101 | 250] LR: 0.010000

Keys:  ['time', 'acc1', 'acc5', 'ce_loss']
Training:  [0.05093658423121972, 95.0751582278481, 99.96044303797468, 0.1431194751323024]
Testing:  [0.07603089809417725, 89.8, 99.2, 0.3128750592470169]
Best Acc:  89.8
New lr for parameter group: 0  ->  0.0010000000000000002

Task ID: [4] - Epoch: [151 | 250] LR: 0.001000

Keys:  ['time', 'acc1', 'acc5', 'ce_loss']
Training:  [0.04517709152607978, 99.46598101265823, 100.0, 0.019298456768399176]
Testing:  [0.08927788734436035, 90.5, 99.5, 0.40999806225299834]
Best Acc:  91.4
New lr for parameter group: 0  ->  0.00010000000000000003

Task ID: [4] - Epoch: [201 | 250] LR: 0.000100

Keys:  ['time', 'acc1', 'acc5', 'ce_loss']
Training:  [0.04809151118314719, 99.84177215189874, 100.0, 0.008803624701037814]
Testing:  [0.08916611671447754, 91.4, 99.4, 0.3910388469696045]
Best Acc:  91.7

Keys:  ['time', 'acc1', 'acc5', 'ce_loss']
Testing performance of task 0:  [0.07842452526092529, 91.0, 99.2, 0.38741723299026487]
Testing performance of task 1:  [0.10603640079498292, 84.0, 99.4, 0.6130688667297364]
Testing performance of task 2:  [0.08757147789001465, 89.2, 99.2, 0.4253469750285149]
Testing performance of task 3:  [0.08354728221893311, 86.5, 99.3, 0.5707858473062515]
Testing performance of task 4:  [0.07986793518066407, 91.9, 99.6, 0.38325456380844114]
Average Task Incremental Accuracy:  88.52000000000001
Running inference on model to measure class incremental accuracy ...
Total tasks: 5, CIL Acc: 59.08, Task-id Cls. Acc.:  61.98
Class Incrimental Accuracy :  [91.0, 74.1500015258789, 65.23332977294922, 59.85000228881836, 59.07999801635742]
Avg. Class Incrimental Accuracy :  69.86266632080078
Task Prediction Accuracy :  [100.0, 82.10000610351562, 69.73333740234375, 63.70000076293945, 61.97999572753906]


__________________________________________________________________________________________

Training task:  5

Task ID: [5] - Epoch: [1 | 250] LR: 0.100000

Keys:  ['time', 'acc1', 'acc5', 'ce_loss']
Training:  [0.05299636382090894, 17.95886075949367, 61.84731012658228, 3.9352271768111216]
Testing:  [0.0908851146697998, 23.0, 75.6, 2.100136160850525]
Best Acc:  23.0

Task ID: [5] - Epoch: [51 | 250] LR: 0.100000

Keys:  ['time', 'acc1', 'acc5', 'ce_loss']
Training:  [0.04796075217331512, 84.82990506329114, 99.54509493670886, 0.4077707387601273]
Testing:  [0.08271186351776123, 70.1, 97.9, 1.0067046105861663]
Best Acc:  76.2
New lr for parameter group: 0  ->  0.010000000000000002

Task ID: [5] - Epoch: [101 | 250] LR: 0.010000

Keys:  ['time', 'acc1', 'acc5', 'ce_loss']
Training:  [0.04780884030499036, 93.07753164556962, 99.96044303797468, 0.20271939774857292]
Testing:  [0.07655813694000244, 83.8, 99.2, 0.5288788795471191]
Best Acc:  83.8
New lr for parameter group: 0  ->  0.0010000000000000002

Task ID: [5] - Epoch: [151 | 250] LR: 0.001000

Keys:  ['time', 'acc1', 'acc5', 'ce_loss']
Training:  [0.04950330227236204, 99.66376582278481, 100.0, 0.018967584261812175]
Testing:  [0.0916825294494629, 82.7, 98.9, 0.7608667194843293]
Best Acc:  84.7
New lr for parameter group: 0  ->  0.00010000000000000003

Task ID: [5] - Epoch: [201 | 250] LR: 0.000100

Keys:  ['time', 'acc1', 'acc5', 'ce_loss']
Training:  [0.050237972525101676, 99.5253164556962, 100.0, 0.016852203399956793]
Testing:  [0.10252368450164795, 83.8, 99.0, 0.7751049637794495]
Best Acc:  84.7

Keys:  ['time', 'acc1', 'acc5', 'ce_loss']
Testing performance of task 0:  [0.08784272670745849, 91.0, 99.2, 0.38741723299026487]
Testing performance of task 1:  [0.0851022481918335, 84.0, 99.4, 0.6130688667297364]
Testing performance of task 2:  [0.09257359504699707, 89.2, 99.2, 0.4253469750285149]
Testing performance of task 3:  [0.0880012035369873, 86.5, 99.3, 0.5707858473062515]
Testing performance of task 4:  [0.09463794231414795, 91.9, 99.6, 0.38325456380844114]
Testing performance of task 5:  [0.09245500564575196, 84.7, 99.1, 0.6481224745512009]
Average Task Incremental Accuracy:  87.88333333333334
Running inference on model to measure class incremental accuracy ...
Total tasks: 6, CIL Acc: 56.38, Task-id Cls. Acc.:  59.15
Class Incrimental Accuracy :  [91.0, 74.1500015258789, 65.23332977294922, 59.85000228881836, 59.07999801635742, 56.38333511352539]
Avg. Class Incrimental Accuracy :  67.61611111958821
Task Prediction Accuracy :  [100.0, 82.10000610351562, 69.73333740234375, 63.70000076293945, 61.97999572753906, 59.14999771118164]


__________________________________________________________________________________________

Training task:  6

Task ID: [6] - Epoch: [1 | 250] LR: 0.100000

Keys:  ['time', 'acc1', 'acc5', 'ce_loss']
Training:  [0.05717558498624005, 25.969145569620252, 74.40664556962025, 3.27502392968045]
Testing:  [0.08746705055236817, 29.0, 81.2, 2.1926246166229246]
Best Acc:  29.0

Task ID: [6] - Epoch: [51 | 250] LR: 0.100000

Keys:  ['time', 'acc1', 'acc5', 'ce_loss']
Training:  [0.051955002772657174, 88.27136075949367, 99.84177215189874, 0.33400596697119217]
Testing:  [0.09046332836151123, 78.4, 99.2, 0.6937249660491943]
Best Acc:  83.0
New lr for parameter group: 0  ->  0.010000000000000002

Task ID: [6] - Epoch: [101 | 250] LR: 0.010000

Keys:  ['time', 'acc1', 'acc5', 'ce_loss']
Training:  [0.05658900586864616, 96.20253164556962, 99.96044303797468, 0.12196818574131289]
Testing:  [0.07991724014282227, 91.8, 99.8, 0.289273165166378]
Best Acc:  91.8
New lr for parameter group: 0  ->  0.0010000000000000002

Task ID: [6] - Epoch: [151 | 250] LR: 0.001000

Keys:  ['time', 'acc1', 'acc5', 'ce_loss']
Training:  [0.05396715900566004, 99.64398734177215, 100.0, 0.015117185788606352]
Testing:  [0.09652528762817383, 92.7, 99.9, 0.27302335649728776]
Best Acc:  93.4
New lr for parameter group: 0  ->  0.00010000000000000003

Task ID: [6] - Epoch: [201 | 250] LR: 0.000100

Keys:  ['time', 'acc1', 'acc5', 'ce_loss']
Training:  [0.05163238923760909, 99.88132911392405, 100.0, 0.007662705075042912]
Testing:  [0.08775737285614013, 93.0, 99.8, 0.27670526802539824]
Best Acc:  93.4

Keys:  ['time', 'acc1', 'acc5', 'ce_loss']
Testing performance of task 0:  [0.08880174160003662, 91.0, 99.2, 0.38741723299026487]
Testing performance of task 1:  [0.09232409000396728, 84.0, 99.4, 0.6130688667297364]
Testing performance of task 2:  [0.08092830181121827, 89.2, 99.2, 0.4253469750285149]
Testing performance of task 3:  [0.07307965755462646, 86.5, 99.3, 0.5707858473062515]
Testing performance of task 4:  [0.0918886423110962, 91.9, 99.6, 0.38325456380844114]
Testing performance of task 5:  [0.097477126121521, 84.7, 99.1, 0.6481224745512009]
Testing performance of task 6:  [0.08686676025390624, 93.4, 99.8, 0.2611940860748291]
Average Task Incremental Accuracy:  88.67142857142858
Running inference on model to measure class incremental accuracy ...
Total tasks: 7, CIL Acc: 54.57, Task-id Cls. Acc.:  56.71
Class Incrimental Accuracy :  [91.0, 74.1500015258789, 65.23332977294922, 59.85000228881836, 59.07999801635742, 56.38333511352539, 54.57142639160156]
Avg. Class Incrimental Accuracy :  65.75258472987584
Task Prediction Accuracy :  [100.0, 82.10000610351562, 69.73333740234375, 63.70000076293945, 61.97999572753906, 59.14999771118164, 56.71428298950195]


__________________________________________________________________________________________

Training task:  7

Task ID: [7] - Epoch: [1 | 250] LR: 0.100000

Keys:  ['time', 'acc1', 'acc5', 'ce_loss']
Training:  [0.05845574789409396, 22.40901898734177, 69.44224683544304, 3.3958688838572444]
Testing:  [0.09448211193084717, 24.2, 67.0, 22.40585813522339]
Best Acc:  24.2

Task ID: [7] - Epoch: [51 | 250] LR: 0.100000

Keys:  ['time', 'acc1', 'acc5', 'ce_loss']
Training:  [0.056030001821397224, 82.55537974683544, 99.18908227848101, 0.5116112432147883]
Testing:  [0.0935528039932251, 76.9, 97.7, 0.7795807957649231]
Best Acc:  76.9
New lr for parameter group: 0  ->  0.010000000000000002

Task ID: [7] - Epoch: [101 | 250] LR: 0.010000

Keys:  ['time', 'acc1', 'acc5', 'ce_loss']
Training:  [0.060612108134016206, 94.06645569620254, 99.92088607594937, 0.18776184659969958]
Testing:  [0.09121487140655518, 87.7, 99.4, 0.4191866308450699]
Best Acc:  87.7
New lr for parameter group: 0  ->  0.0010000000000000002

Task ID: [7] - Epoch: [151 | 250] LR: 0.001000

Keys:  ['time', 'acc1', 'acc5', 'ce_loss']
Training:  [0.05764654618275317, 99.46598101265823, 100.0, 0.020778421135737173]
Testing:  [0.08708090782165527, 88.3, 99.2, 0.48122512698173525]
Best Acc:  89.7
New lr for parameter group: 0  ->  0.00010000000000000003

Task ID: [7] - Epoch: [201 | 250] LR: 0.000100

Keys:  ['time', 'acc1', 'acc5', 'ce_loss']
Training:  [0.05965192106705677, 99.80221518987342, 100.0, 0.011955372507306689]
Testing:  [0.08120458126068116, 88.3, 99.0, 0.4779853284358978]
Best Acc:  89.7

Keys:  ['time', 'acc1', 'acc5', 'ce_loss']
Testing performance of task 0:  [0.07427065372467041, 91.0, 99.2, 0.38741723299026487]
Testing performance of task 1:  [0.06987626552581787, 84.0, 99.4, 0.6130688667297364]
Testing performance of task 2:  [0.08389482498168946, 89.2, 99.2, 0.4253469750285149]
Testing performance of task 3:  [0.08605985641479492, 86.5, 99.3, 0.5707858473062515]
Testing performance of task 4:  [0.093743896484375, 91.9, 99.6, 0.38325456380844114]
Testing performance of task 5:  [0.09346230030059814, 84.7, 99.1, 0.6481224745512009]
Testing performance of task 6:  [0.08792839050292969, 93.4, 99.8, 0.2611940860748291]
Testing performance of task 7:  [0.09479641914367676, 89.7, 99.2, 0.4005982577800751]
Average Task Incremental Accuracy:  88.80000000000001
Running inference on model to measure class incremental accuracy ...
Total tasks: 8, CIL Acc: 52.59, Task-id Cls. Acc.:  54.50
Class Incrimental Accuracy :  [91.0, 74.1500015258789, 65.23332977294922, 59.85000228881836, 59.07999801635742, 56.38333511352539, 54.57142639160156, 52.587501525878906]
Avg. Class Incrimental Accuracy :  64.10694932937622
Task Prediction Accuracy :  [100.0, 82.10000610351562, 69.73333740234375, 63.70000076293945, 61.97999572753906, 59.14999771118164, 56.71428298950195, 54.5]


__________________________________________________________________________________________

Training task:  8

Task ID: [8] - Epoch: [1 | 250] LR: 0.100000

Keys:  ['time', 'acc1', 'acc5', 'ce_loss']
Training:  [0.06820349753657474, 28.401898734177216, 76.68117088607595, 3.12779489650002]
Testing:  [0.09277729988098145, 18.5, 79.0, 4.044619488716125]
Best Acc:  18.5

Task ID: [8] - Epoch: [51 | 250] LR: 0.100000

Keys:  ['time', 'acc1', 'acc5', 'ce_loss']
Training:  [0.06593793856946728, 91.29746835443038, 99.72310126582279, 0.2679059160283849]
Testing:  [0.0874901533126831, 82.4, 98.0, 0.6223582059144974]
Best Acc:  86.9
New lr for parameter group: 0  ->  0.010000000000000002

Task ID: [8] - Epoch: [101 | 250] LR: 0.010000

Keys:  ['time', 'acc1', 'acc5', 'ce_loss']
Training:  [0.06587564492527442, 95.51028481012658, 99.96044303797468, 0.13057180918470213]
Testing:  [0.09202048778533936, 90.7, 99.5, 0.28082610964775084]
Best Acc:  90.7
New lr for parameter group: 0  ->  0.0010000000000000002

Task ID: [8] - Epoch: [151 | 250] LR: 0.001000

Keys:  ['time', 'acc1', 'acc5', 'ce_loss']
Training:  [0.06495026395290712, 99.84177215189874, 100.0, 0.01027953833241393]
Testing:  [0.0940622091293335, 92.3, 99.7, 0.30485353618860245]
Best Acc:  92.5
New lr for parameter group: 0  ->  0.00010000000000000003

Task ID: [8] - Epoch: [201 | 250] LR: 0.000100

Keys:  ['time', 'acc1', 'acc5', 'ce_loss']
Training:  [0.06544996515105042, 99.94066455696202, 100.0, 0.006291573948250447]
Testing:  [0.08438301086425781, 92.0, 99.6, 0.2846552893519402]
Best Acc:  92.6

Keys:  ['time', 'acc1', 'acc5', 'ce_loss']
Testing performance of task 0:  [0.07096190452575683, 91.0, 99.2, 0.38741723299026487]
Testing performance of task 1:  [0.08427894115447998, 84.0, 99.4, 0.6130688667297364]
Testing performance of task 2:  [0.08564653396606445, 89.2, 99.2, 0.4253469750285149]
Testing performance of task 3:  [0.09135651588439941, 86.5, 99.3, 0.5707858473062515]
Testing performance of task 4:  [0.09346675872802734, 91.9, 99.6, 0.38325456380844114]
Testing performance of task 5:  [0.09138762950897217, 84.7, 99.1, 0.6481224745512009]
Testing performance of task 6:  [0.08351166248321533, 93.4, 99.8, 0.2611940860748291]
Testing performance of task 7:  [0.09367566108703614, 89.7, 99.2, 0.4005982577800751]
Testing performance of task 8:  [0.08654186725616456, 92.6, 99.7, 0.28144714906811713]
Average Task Incremental Accuracy:  89.22222222222223
Running inference on model to measure class incremental accuracy ...
Total tasks: 9, CIL Acc: 50.98, Task-id Cls. Acc.:  52.48
Class Incrimental Accuracy :  [91.0, 74.1500015258789, 65.23332977294922, 59.85000228881836, 59.07999801635742, 56.38333511352539, 54.57142639160156, 52.587501525878906, 50.977779388427734]
Avg. Class Incrimental Accuracy :  62.648152669270836
Task Prediction Accuracy :  [100.0, 82.10000610351562, 69.73333740234375, 63.70000076293945, 61.97999572753906, 59.14999771118164, 56.71428298950195, 54.5, 52.47777557373047]


__________________________________________________________________________________________

Training task:  9

Task ID: [9] - Epoch: [1 | 250] LR: 0.100000

Keys:  ['time', 'acc1', 'acc5', 'ce_loss']
Training:  [0.07265200494210931, 14.339398734177216, 56.32911392405063, 4.321789288822608]
Testing:  [0.08637764453887939, 16.3, 59.2, 2.4907466173171997]
Best Acc:  16.3

Task ID: [9] - Epoch: [51 | 250] LR: 0.100000

Keys:  ['time', 'acc1', 'acc5', 'ce_loss']
Training:  [0.07434554945064496, 78.95569620253164, 98.69462025316456, 0.6115466846695429]
Testing:  [0.09057497978210449, 65.0, 95.2, 1.1414537012577057]
Best Acc:  75.2
New lr for parameter group: 0  ->  0.010000000000000002

Task ID: [9] - Epoch: [101 | 250] LR: 0.010000

Keys:  ['time', 'acc1', 'acc5', 'ce_loss']
Training:  [0.07224254366717761, 92.38528481012658, 99.9011075949367, 0.22917796548786043]
Testing:  [0.09543282985687256, 84.1, 98.9, 0.493952077627182]
Best Acc:  84.1
New lr for parameter group: 0  ->  0.0010000000000000002

Task ID: [9] - Epoch: [151 | 250] LR: 0.001000

Keys:  ['time', 'acc1', 'acc5', 'ce_loss']
Training:  [0.07285235199747206, 99.50553797468355, 100.0, 0.025418712029563664]
Testing:  [0.08898696899414063, 87.3, 98.8, 0.5921667069196701]
Best Acc:  87.3
New lr for parameter group: 0  ->  0.00010000000000000003

Task ID: [9] - Epoch: [201 | 250] LR: 0.000100

Keys:  ['time', 'acc1', 'acc5', 'ce_loss']
Training:  [0.07195086418827877, 99.68354430379746, 100.0, 0.01399976870375155]
Testing:  [0.09750480651855468, 86.6, 98.9, 0.6226902723312377]
Best Acc:  87.6

Keys:  ['time', 'acc1', 'acc5', 'ce_loss']
Testing performance of task 0:  [0.08176095485687256, 91.0, 99.2, 0.38741723299026487]
Testing performance of task 1:  [0.09290995597839355, 84.0, 99.4, 0.6130688667297364]
Testing performance of task 2:  [0.09061801433563232, 89.2, 99.2, 0.4253469750285149]
Testing performance of task 3:  [0.08359320163726806, 86.5, 99.3, 0.5707858473062515]
Testing performance of task 4:  [0.08475098609924317, 91.9, 99.6, 0.38325456380844114]
Testing performance of task 5:  [0.08827121257781982, 84.7, 99.1, 0.6481224745512009]
Testing performance of task 6:  [0.09027249813079834, 93.4, 99.8, 0.2611940860748291]
Testing performance of task 7:  [0.08530871868133545, 89.7, 99.2, 0.4005982577800751]
Testing performance of task 8:  [0.0946126937866211, 92.6, 99.7, 0.28144714906811713]
Testing performance of task 9:  [0.10092477798461914, 87.9, 99.0, 0.616409370303154]
Average Task Incremental Accuracy:  89.09
Running inference on model to measure class incremental accuracy ...
Total tasks: 10, CIL Acc: 48.65, Task-id Cls. Acc.:  50.04
Class Incrimental Accuracy :  [91.0, 74.1500015258789, 65.23332977294922, 59.85000228881836, 59.07999801635742, 56.38333511352539, 54.57142639160156, 52.587501525878906, 50.977779388427734, 48.64999771118164]
Avg. Class Incrimental Accuracy :  61.24833717346191
Task Prediction Accuracy :  [100.0, 82.10000610351562, 69.73333740234375, 63.70000076293945, 61.97999572753906, 59.14999771118164, 56.71428298950195, 54.5, 52.47777557373047, 50.040000915527344]


Namespace(add_bn_next=True, add_bn_prev=False, arch='resnet18', checkpoint='checkpoint/227666_resnet18', class_order=[68, 56, 78, 8, 23, 84, 90, 65, 74, 76, 40, 89, 3, 92, 55, 9, 26, 80, 43, 38, 58, 70, 77, 1, 85, 19, 17, 50, 28, 53, 13, 81, 45, 82, 6, 59, 83, 16, 15, 44, 91, 41, 72, 60, 79, 52, 20, 10, 31, 54, 37, 95, 14, 71, 96, 98, 97, 2, 64, 66, 42, 22, 35, 86, 24, 34, 87, 21, 99, 0, 88, 27, 18, 94, 11, 12, 47, 25, 30, 46, 62, 69, 36, 61, 7, 63, 75, 5, 32, 4, 51, 48, 73, 93, 39, 67, 29, 49, 57, 33], compression=0.8, data_path='../../data/CIFAR', dataset='cifar100', display_gap=50, epochs=250, ft_epochs=250, ft_lr=0.1, ft_schedule=[100, 150, 200], ft_weight_decay=0.0005, gamma=0.1, growth_rate=0.3, increments=[10, 10, 10, 10, 10, 10, 10, 10, 10, 10], jobid='227666', logs='logs', lr=0.1, manual_seed=7137, momentum=0.9, num_class=100, overflow=False, pretrained_cps='./checkpoint/226429_resnet18/model0_best.pth,./checkpoint/227654_resnet18/model_0_ft_best.pth', random_classes=False, resume=True, schedule=[100, 150, 200], starting_tid='1', test_batch=100, train_batch=64, validation=0, weight_decay=0.0005, workers=4)

real	263m29.343s
user	412m51.048s
sys	66m18.680s

Ending script...
Sun Mar 19 08:04:49 EDT 2023
